<?xml version="1.0" encoding="UTF-8"?>
<testng-results ignored="0" total="1" passed="1" failed="0" skipped="0">
  <reporter-output>
  </reporter-output>
  <suite started-at="2026-04-02T00:35:02 AST" name="Default suite" finished-at="2026-04-02T00:35:11 AST" duration-ms="9109">
    <groups>
    </groups>
    <test started-at="2026-04-02T00:35:02 AST" name="Default test" finished-at="2026-04-02T00:35:11 AST" duration-ms="9109">
      <class name="com.api.tests.UserDetailsAPITest">
        <test-method signature="userDetailsAPITest()[pri:0, instance:com.api.tests.UserDetailsAPITest@3527942a]" started-at="2026-04-02T00:35:02 AST" name="userDetailsAPITest" finished-at="2026-04-02T00:35:11 AST" duration-ms="8853" status="PASS">
          <reporter-output>
          </reporter-output>
        </test-method> <!-- userDetailsAPITest -->
      </class> <!-- com.api.tests.UserDetailsAPITest -->
    </test> <!-- Default test -->
  </suite> <!-- Default suite -->
</testng-results>
