<?xml version="1.0" encoding="UTF-8"?>
<testng-results ignored="0" total="2" passed="2" failed="0" skipped="0">
  <reporter-output>
  </reporter-output>
  <suite started-at="2026-04-15T13:24:42 AST" name="Default suite" finished-at="2026-04-15T13:25:17 AST" duration-ms="34413">
    <groups>
    </groups>
    <test started-at="2026-04-15T13:24:42 AST" name="Default test" finished-at="2026-04-15T13:25:17 AST" duration-ms="34413">
      <class name="com.api.tests.MasterAPITest">
        <test-method signature="invalidTokenMasterAPITest()[pri:0, instance:com.api.tests.MasterAPITest@2a4fb17b]" started-at="2026-04-15T13:24:43 AST" name="invalidTokenMasterAPITest" finished-at="2026-04-15T13:25:01 AST" duration-ms="18422" status="PASS">
          <reporter-output>
          </reporter-output>
        </test-method> <!-- invalidTokenMasterAPITest -->
        <test-method signature="masterAPITest()[pri:0, instance:com.api.tests.MasterAPITest@2a4fb17b]" started-at="2026-04-15T13:25:01 AST" name="masterAPITest" finished-at="2026-04-15T13:25:17 AST" duration-ms="15454" status="PASS">
          <reporter-output>
          </reporter-output>
        </test-method> <!-- masterAPITest -->
      </class> <!-- com.api.tests.MasterAPITest -->
    </test> <!-- Default test -->
  </suite> <!-- Default suite -->
</testng-results>
