<?xml version="1.0" encoding="UTF-8"?>
<!-- Generated by org.testng.reporters.JUnitReportReporter -->
<testsuite hostname="LAPTOP-RFHK1IQS" failures="0" tests="2" name="com.api.tests.CountAPITest" time="5.178" errors="0" timestamp="2026-04-15T12:41:46 AST" skipped="0">
  <testcase classname="com.api.tests.CountAPITest" name="verifyCountAPIResponse" time="2.622"/>
  <testcase classname="com.api.tests.CountAPITest" name="countAPITest_MissingAuthToken" time="2.556"/>
</testsuite> <!-- com.api.tests.CountAPITest -->
