<?xml version="1.0" encoding="UTF-8"?>
<!-- Generated by org.testng.reporters.JUnitReportReporter -->
<testsuite hostname="LAPTOP-RFHK1IQS" failures="0" tests="2" name="com.api.tests.MasterAPITest" time="12.086" errors="0" timestamp="2026-04-14T15:54:29 AST" skipped="0">
  <testcase classname="com.api.tests.MasterAPITest" name="masterAPITest" time="5.273"/>
  <testcase classname="com.api.tests.MasterAPITest" name="invalidTokenMasterAPITest" time="6.813"/>
</testsuite> <!-- com.api.tests.MasterAPITest -->
