<?xml version="1.0" encoding="UTF-8"?>
<!-- Generated by org.testng.reporters.JUnitReportReporter -->
<testsuite hostname="LAPTOP-RFHK1IQS" failures="0" tests="2" name="com.api.tests.MasterAPITest" time="33.876" errors="0" timestamp="2026-04-15T13:25:18 AST" skipped="0">
  <testcase classname="com.api.tests.MasterAPITest" name="masterAPITest" time="15.454"/>
  <testcase classname="com.api.tests.MasterAPITest" name="invalidTokenMasterAPITest" time="18.422"/>
</testsuite> <!-- com.api.tests.MasterAPITest -->
